# JRE version: OpenJDK Runtime Environment (8.0_202-b03) (build 1.8.0_202-release-1483-b03)
# Java VM: OpenJDK 64-Bit Server VM (25.202-b03 mixed mode windows-amd64 compressed oops)
Heap:
 PSYoungGen      total 205312K, used 97131K [0x00000000e0000000, 0x00000000ef180000, 0x0000000100000000)
  eden space 185856K, 41% used [0x00000000e0000000,0x00000000e4bdb568,0x00000000eb580000)
  from space 19456K, 99% used [0x00000000ecf00000,0x00000000ee1ff8f0,0x00000000ee200000)
  to   space 26112K, 0% used [0x00000000eb580000,0x00000000eb580000,0x00000000ecf00000)
 ParOldGen       total 141824K, used 46184K [0x00000000a0000000, 0x00000000a8a80000, 0x00000000e0000000)
  object space 141824K, 32% used [0x00000000a0000000,0x00000000a2d1a148,0x00000000a8a80000)
 Metaspace       used 63815K, capacity 65792K, committed 66008K, reserved 1105920K
  class space    used 8535K, capacity 8954K, committed 8960K, reserved 1048576K
GC Heap History (10 events):
Event: 9.955 GC heap before
{Heap before GC invocations=13 (full 2):
 PSYoungGen      total 145920K, used 145896K [0x00000000e0000000, 0x00000000ead80000, 0x0000000100000000)
  eden space 134144K, 100% used [0x00000000e0000000,0x00000000e8300000,0x00000000e8300000)
  from space 11776K, 99% used [0x00000000ea200000,0x00000000ead7a028,0x00000000ead80000)
  to   space 13824K, 0% used [0x00000000e9280000,0x00000000e9280000,0x00000000ea000000)
 ParOldGen       total 92160K, used 19936K [0x00000000a0000000, 0x00000000a5a00000, 0x00000000e0000000)
  object space 92160K, 21% used [0x00000000a0000000,0x00000000a13783d8,0x00000000a5a00000)
 Metaspace       used 54332K, capacity 55724K, committed 55896K, reserved 1097728K
  class space    used 7357K, capacity 7726K, committed 7808K, reserved 1048576K
Event: 9.975 GC heap after
Heap after GC invocations=13 (full 2):
 PSYoungGen      total 163840K, used 13798K [0x00000000e0000000, 0x00000000ec280000, 0x0000000100000000)
  eden space 150016K, 0% used [0x00000000e0000000,0x00000000e0000000,0x00000000e9280000)
  from space 13824K, 99% used [0x00000000e9280000,0x00000000e9ff99c0,0x00000000ea000000)
  to   space 18432K, 0% used [0x00000000eb080000,0x00000000eb080000,0x00000000ec280000)
 ParOldGen       total 92160K, used 28066K [0x00000000a0000000, 0x00000000a5a00000, 0x00000000e0000000)
  object space 92160K, 30% used [0x00000000a0000000,0x00000000a1b68978,0x00000000a5a00000)
 Metaspace       used 54332K, capacity 55724K, committed 55896K, reserved 1097728K
  class space    used 7357K, capacity 7726K, committed 7808K, reserved 1048576K
}
Event: 10.853 GC heap before
{Heap before GC invocations=14 (full 2):
 PSYoungGen      total 163840K, used 65448K [0x00000000e0000000, 0x00000000ec280000, 0x0000000100000000)
  eden space 150016K, 34% used [0x00000000e0000000,0x00000000e32707e8,0x00000000e9280000)
  from space 13824K, 99% used [0x00000000e9280000,0x00000000e9ff99c0,0x00000000ea000000)
  to   space 18432K, 0% used [0x00000000eb080000,0x00000000eb080000,0x00000000ec280000)
 ParOldGen       total 92160K, used 28066K [0x00000000a0000000, 0x00000000a5a00000, 0x00000000e0000000)
  object space 92160K, 30% used [0x00000000a0000000,0x00000000a1b68978,0x00000000a5a00000)
 Metaspace       used 57480K, capacity 58986K, committed 59028K, reserved 1099776K
  class space    used 7811K, capacity 8185K, committed 8192K, reserved 1048576K
Event: 10.882 GC heap after
Heap after GC invocations=14 (full 2):
 PSYoungGen      total 180736K, used 4786K [0x00000000e0000000, 0x00000000ed880000, 0x0000000100000000)
  eden space 162304K, 0% used [0x00000000e0000000,0x00000000e0000000,0x00000000e9e80000)
  from space 18432K, 25% used [0x00000000eb080000,0x00000000eb52c9a0,0x00000000ec280000)
  to   space 18432K, 0% used [0x00000000e9e80000,0x00000000e9e80000,0x00000000eb080000)
 ParOldGen       total 92160K, used 36282K [0x00000000a0000000, 0x00000000a5a00000, 0x00000000e0000000)
  object space 92160K, 39% used [0x00000000a0000000,0x00000000a236eb80,0x00000000a5a00000)
 Metaspace       used 57480K, capacity 58986K, committed 59028K, reserved 1099776K
  class space    used 7811K, capacity 8185K, committed 8192K, reserved 1048576K
}
Event: 10.882 GC heap before
{Heap before GC invocations=15 (full 3):
 PSYoungGen      total 180736K, used 4786K [0x00000000e0000000, 0x00000000ed880000, 0x0000000100000000)
  eden space 162304K, 0% used [0x00000000e0000000,0x00000000e0000000,0x00000000e9e80000)
  from space 18432K, 25% used [0x00000000eb080000,0x00000000eb52c9a0,0x00000000ec280000)
  to   space 18432K, 0% used [0x00000000e9e80000,0x00000000e9e80000,0x00000000eb080000)
 ParOldGen       total 92160K, used 36282K [0x00000000a0000000, 0x00000000a5a00000, 0x00000000e0000000)
  object space 92160K, 39% used [0x00000000a0000000,0x00000000a236eb80,0x00000000a5a00000)
 Metaspace       used 57480K, capacity 58986K, committed 59028K, reserved 1099776K
  class space    used 7811K, capacity 8185K, committed 8192K, reserved 1048576K
Event: 11.185 GC heap after
Heap after GC invocations=15 (full 3):
 PSYoungGen      total 180736K, used 0K [0x00000000e0000000, 0x00000000ed880000, 0x0000000100000000)
  eden space 162304K, 0% used [0x00000000e0000000,0x00000000e0000000,0x00000000e9e80000)
  from space 18432K, 0% used [0x00000000eb080000,0x00000000eb080000,0x00000000ec280000)
  to   space 18432K, 0% used [0x00000000e9e80000,0x00000000e9e80000,0x00000000eb080000)
 ParOldGen       total 141824K, used 34562K [0x00000000a0000000, 0x00000000a8a80000, 0x00000000e0000000)
  object space 141824K, 24% used [0x00000000a0000000,0x00000000a21c0928,0x00000000a8a80000)
 Metaspace       used 57480K, capacity 58986K, committed 59028K, reserved 1099776K
  class space    used 7811K, capacity 8185K, committed 8192K, reserved 1048576K
}
Event: 14.307 GC heap before
{Heap before GC invocations=16 (full 3):
 PSYoungGen      total 180736K, used 161665K [0x00000000e0000000, 0x00000000ed880000, 0x0000000100000000)
  eden space 162304K, 99% used [0x00000000e0000000,0x00000000e9de07e0,0x00000000e9e80000)
  from space 18432K, 0% used [0x00000000eb080000,0x00000000eb080000,0x00000000ec280000)
  to   space 18432K, 0% used [0x00000000e9e80000,0x00000000e9e80000,0x00000000eb080000)
 ParOldGen       total 141824K, used 34562K [0x00000000a0000000, 0x00000000a8a80000, 0x00000000e0000000)
  object space 141824K, 24% used [0x00000000a0000000,0x00000000a21c0928,0x00000000a8a80000)
 Metaspace       used 60944K, capacity 62862K, committed 62936K, reserved 1103872K
  class space    used 8276K, capacity 8689K, committed 8704K, reserved 1048576K
Event: 14.335 GC heap after
Heap after GC invocations=16 (full 3):
 PSYoungGen      total 180736K, used 13553K [0x00000000e0000000, 0x00000000ee200000, 0x0000000100000000)
  eden space 162304K, 0% used [0x00000000e0000000,0x00000000e0000000,0x00000000e9e80000)
  from space 18432K, 73% used [0x00000000e9e80000,0x00000000eabbc6c0,0x00000000eb080000)
  to   space 19456K, 0% used [0x00000000ecf00000,0x00000000ecf00000,0x00000000ee200000)
 ParOldGen       total 141824K, used 34570K [0x00000000a0000000, 0x00000000a8a80000, 0x00000000e0000000)
  object space 141824K, 24% used [0x00000000a0000000,0x00000000a21c2928,0x00000000a8a80000)
 Metaspace       used 60944K, capacity 62862K, committed 62936K, reserved 1103872K
  class space    used 8276K, capacity 8689K, committed 8704K, reserved 1048576K
}
Event: 16.336 GC heap before
{Heap before GC invocations=17 (full 3):
 PSYoungGen      total 180736K, used 175857K [0x00000000e0000000, 0x00000000ee200000, 0x0000000100000000)
  eden space 162304K, 100% used [0x00000000e0000000,0x00000000e9e80000,0x00000000e9e80000)
  from space 18432K, 73% used [0x00000000e9e80000,0x00000000eabbc6c0,0x00000000eb080000)
  to   space 19456K, 0% used [0x00000000ecf00000,0x00000000ecf00000,0x00000000ee200000)
 ParOldGen       total 141824K, used 34570K [0x00000000a0000000, 0x00000000a8a80000, 0x00000000e0000000)
  object space 141824K, 24% used [0x00000000a0000000,0x00000000a21c2928,0x00000000a8a80000)
 Metaspace       used 62285K, capacity 64104K, committed 64344K, reserved 1105920K
  class space    used 8385K, capacity 8800K, committed 8832K, reserved 1048576K
Event: 16.394 GC heap after
Heap after GC invocations=17 (full 3):
 PSYoungGen      total 205312K, used 19454K [0x00000000e0000000, 0x00000000ef180000, 0x0000000100000000)
  eden space 185856K, 0% used [0x00000000e0000000,0x00000000e0000000,0x00000000eb580000)
  from space 19456K, 99% used [0x00000000ecf00000,0x00000000ee1ff8f0,0x00000000ee200000)
  to   space 26112K, 0% used [0x00000000eb580000,0x00000000eb580000,0x00000000ecf00000)
 ParOldGen       total 141824K, used 46184K [0x00000000a0000000, 0x00000000a8a80000, 0x00000000e0000000)
  object space 141824K, 32% used [0x00000000a0000000,0x00000000a2d1a148,0x00000000a8a80000)
 Metaspace       used 62285K, capacity 64104K, committed 64344K, reserved 1105920K
  class space    used 8385K, capacity 8800K, committed 8832K, reserved 1048576K
}

