# JRE version: OpenJDK Runtime Environment (8.0_202-b03) (build 1.8.0_202-release-1483-b03)
# Java VM: OpenJDK 64-Bit Server VM (25.202-b03 mixed mode windows-amd64 compressed oops)
Heap:
 PSYoungGen      total 216064K, used 208802K [0x00000000e0000000, 0x00000000f0600000, 0x0000000100000000)
  eden space 192512K, 98% used [0x00000000e0000000,0x00000000eb86a2b0,0x00000000ebc00000)
  from space 23552K, 84% used [0x00000000ebc00000,0x00000000ecf7e690,0x00000000ed300000)
  to   space 26112K, 0% used [0x00000000eec80000,0x00000000eec80000,0x00000000f0600000)
 ParOldGen       total 141312K, used 46190K [0x00000000a0000000, 0x00000000a8a00000, 0x00000000e0000000)
  object space 141312K, 32% used [0x00000000a0000000,0x00000000a2d1bb40,0x00000000a8a00000)
 Metaspace       used 70027K, capacity 72442K, committed 72704K, reserved 1112064K
  class space    used 9135K, capacity 9683K, committed 9728K, reserved 1048576K
GC Heap History (10 events):
Event: 11.309 GC heap before
{Heap before GC invocations=14 (full 2):
 PSYoungGen      total 156672K, used 60395K [0x00000000e0000000, 0x00000000ec780000, 0x0000000100000000)
  eden space 142848K, 32% used [0x00000000e0000000,0x00000000e2d7fbb8,0x00000000e8b80000)
  from space 13824K, 99% used [0x00000000e8b80000,0x00000000e98fb388,0x00000000e9900000)
  to   space 18432K, 0% used [0x00000000eb580000,0x00000000eb580000,0x00000000ec780000)
 ParOldGen       total 92672K, used 27857K [0x00000000a0000000, 0x00000000a5a80000, 0x00000000e0000000)
  object space 92672K, 30% used [0x00000000a0000000,0x00000000a1b34510,0x00000000a5a80000)
 Metaspace       used 57447K, capacity 58960K, committed 59096K, reserved 1099776K
  class space    used 7817K, capacity 8230K, committed 8320K, reserved 1048576K
Event: 11.342 GC heap after
Heap after GC invocations=14 (full 2):
 PSYoungGen      total 185856K, used 3816K [0x00000000e0000000, 0x00000000ed700000, 0x0000000100000000)
  eden space 167424K, 0% used [0x00000000e0000000,0x00000000e0000000,0x00000000ea380000)
  from space 18432K, 20% used [0x00000000eb580000,0x00000000eb93a058,0x00000000ec780000)
  to   space 18432K, 0% used [0x00000000ea380000,0x00000000ea380000,0x00000000eb580000)
 ParOldGen       total 92672K, used 36276K [0x00000000a0000000, 0x00000000a5a80000, 0x00000000e0000000)
  object space 92672K, 39% used [0x00000000a0000000,0x00000000a236d278,0x00000000a5a80000)
 Metaspace       used 57447K, capacity 58960K, committed 59096K, reserved 1099776K
  class space    used 7817K, capacity 8230K, committed 8320K, reserved 1048576K
}
Event: 11.342 GC heap before
{Heap before GC invocations=15 (full 3):
 PSYoungGen      total 185856K, used 3816K [0x00000000e0000000, 0x00000000ed700000, 0x0000000100000000)
  eden space 167424K, 0% used [0x00000000e0000000,0x00000000e0000000,0x00000000ea380000)
  from space 18432K, 20% used [0x00000000eb580000,0x00000000eb93a058,0x00000000ec780000)
  to   space 18432K, 0% used [0x00000000ea380000,0x00000000ea380000,0x00000000eb580000)
 ParOldGen       total 92672K, used 36276K [0x00000000a0000000, 0x00000000a5a80000, 0x00000000e0000000)
  object space 92672K, 39% used [0x00000000a0000000,0x00000000a236d278,0x00000000a5a80000)
 Metaspace       used 57447K, capacity 58960K, committed 59096K, reserved 1099776K
  class space    used 7817K, capacity 8230K, committed 8320K, reserved 1048576K
Event: 11.681 GC heap after
Heap after GC invocations=15 (full 3):
 PSYoungGen      total 185856K, used 0K [0x00000000e0000000, 0x00000000ed700000, 0x0000000100000000)
  eden space 167424K, 0% used [0x00000000e0000000,0x00000000e0000000,0x00000000ea380000)
  from space 18432K, 0% used [0x00000000eb580000,0x00000000eb580000,0x00000000ec780000)
  to   space 18432K, 0% used [0x00000000ea380000,0x00000000ea380000,0x00000000eb580000)
 ParOldGen       total 141312K, used 33626K [0x00000000a0000000, 0x00000000a8a00000, 0x00000000e0000000)
  object space 141312K, 23% used [0x00000000a0000000,0x00000000a20d6a08,0x00000000a8a00000)
 Metaspace       used 57447K, capacity 58960K, committed 59096K, reserved 1099776K
  class space    used 7817K, capacity 8230K, committed 8320K, reserved 1048576K
}
Event: 15.490 GC heap before
{Heap before GC invocations=16 (full 3):
 PSYoungGen      total 185856K, used 167424K [0x00000000e0000000, 0x00000000ed700000, 0x0000000100000000)
  eden space 167424K, 100% used [0x00000000e0000000,0x00000000ea380000,0x00000000ea380000)
  from space 18432K, 0% used [0x00000000eb580000,0x00000000eb580000,0x00000000ec780000)
  to   space 18432K, 0% used [0x00000000ea380000,0x00000000ea380000,0x00000000eb580000)
 ParOldGen       total 141312K, used 33626K [0x00000000a0000000, 0x00000000a8a00000, 0x00000000e0000000)
  object space 141312K, 23% used [0x00000000a0000000,0x00000000a20d6a08,0x00000000a8a00000)
 Metaspace       used 60930K, capacity 62900K, committed 63104K, reserved 1103872K
  class space    used 8266K, capacity 8736K, committed 8832K, reserved 1048576K
Event: 15.509 GC heap after
Heap after GC invocations=16 (full 3):
 PSYoungGen      total 185856K, used 15935K [0x00000000e0000000, 0x00000000ee900000, 0x0000000100000000)
  eden space 167424K, 0% used [0x00000000e0000000,0x00000000e0000000,0x00000000ea380000)
  from space 18432K, 86% used [0x00000000ea380000,0x00000000eb30feb0,0x00000000eb580000)
  to   space 20480K, 0% used [0x00000000ed500000,0x00000000ed500000,0x00000000ee900000)
 ParOldGen       total 141312K, used 33634K [0x00000000a0000000, 0x00000000a8a00000, 0x00000000e0000000)
  object space 141312K, 23% used [0x00000000a0000000,0x00000000a20d8a08,0x00000000a8a00000)
 Metaspace       used 60930K, capacity 62900K, committed 63104K, reserved 1103872K
  class space    used 8266K, capacity 8736K, committed 8832K, reserved 1048576K
}
Event: 31.603 GC heap before
{Heap before GC invocations=17 (full 3):
 PSYoungGen      total 185856K, used 183359K [0x00000000e0000000, 0x00000000ee900000, 0x0000000100000000)
  eden space 167424K, 100% used [0x00000000e0000000,0x00000000ea380000,0x00000000ea380000)
  from space 18432K, 86% used [0x00000000ea380000,0x00000000eb30feb0,0x00000000eb580000)
  to   space 20480K, 0% used [0x00000000ed500000,0x00000000ed500000,0x00000000ee900000)
 ParOldGen       total 141312K, used 33634K [0x00000000a0000000, 0x00000000a8a00000, 0x00000000e0000000)
  object space 141312K, 23% used [0x00000000a0000000,0x00000000a20d8a08,0x00000000a8a00000)
 Metaspace       used 63614K, capacity 65666K, committed 65920K, reserved 1105920K
  class space    used 8543K, capacity 9047K, committed 9088K, reserved 1048576K
Event: 31.637 GC heap after
Heap after GC invocations=17 (full 3):
 PSYoungGen      total 212992K, used 20448K [0x00000000e0000000, 0x00000000eea00000, 0x0000000100000000)
  eden space 192512K, 0% used [0x00000000e0000000,0x00000000e0000000,0x00000000ebc00000)
  from space 20480K, 99% used [0x00000000ed500000,0x00000000ee8f8278,0x00000000ee900000)
  to   space 23552K, 0% used [0x00000000ebc00000,0x00000000ebc00000,0x00000000ed300000)
 ParOldGen       total 141312K, used 35042K [0x00000000a0000000, 0x00000000a8a00000, 0x00000000e0000000)
  object space 141312K, 24% used [0x00000000a0000000,0x00000000a2238a20,0x00000000a8a00000)
 Metaspace       used 63614K, capacity 65666K, committed 65920K, reserved 1105920K
  class space    used 8543K, capacity 9047K, committed 9088K, reserved 1048576K
}
Event: 99.049 GC heap before
{Heap before GC invocations=18 (full 3):
 PSYoungGen      total 212992K, used 212960K [0x00000000e0000000, 0x00000000eea00000, 0x0000000100000000)
  eden space 192512K, 100% used [0x00000000e0000000,0x00000000ebc00000,0x00000000ebc00000)
  from space 20480K, 99% used [0x00000000ed500000,0x00000000ee8f8278,0x00000000ee900000)
  to   space 23552K, 0% used [0x00000000ebc00000,0x00000000ebc00000,0x00000000ed300000)
 ParOldGen       total 141312K, used 35042K [0x00000000a0000000, 0x00000000a8a00000, 0x00000000e0000000)
  object space 141312K, 24% used [0x00000000a0000000,0x00000000a2238a20,0x00000000a8a00000)
 Metaspace       used 69347K, capacity 71754K, committed 71936K, reserved 1112064K
  class space    used 9095K, capacity 9655K, committed 9728K, reserved 1048576K
Event: 99.115 GC heap after
Heap after GC invocations=18 (full 3):
 PSYoungGen      total 216064K, used 19961K [0x00000000e0000000, 0x00000000f0600000, 0x0000000100000000)
  eden space 192512K, 0% used [0x00000000e0000000,0x00000000e0000000,0x00000000ebc00000)
  from space 23552K, 84% used [0x00000000ebc00000,0x00000000ecf7e690,0x00000000ed300000)
  to   space 26112K, 0% used [0x00000000eec80000,0x00000000eec80000,0x00000000f0600000)
 ParOldGen       total 141312K, used 46190K [0x00000000a0000000, 0x00000000a8a00000, 0x00000000e0000000)
  object space 141312K, 32% used [0x00000000a0000000,0x00000000a2d1bb40,0x00000000a8a00000)
 Metaspace       used 69347K, capacity 71754K, committed 71936K, reserved 1112064K
  class space    used 9095K, capacity 9655K, committed 9728K, reserved 1048576K
}

